<?xml version="1.0" encoding="UTF-8"?>
<testng-results skipped="0" failed="0" ignored="0" total="5" passed="5">
  <reporter-output>
  </reporter-output>
  <suite name="testsuite1" duration-ms="6069" started-at="2019-06-15T05:02:11Z" finished-at="2019-06-15T05:02:17Z">
    <groups>
    </groups>
    <test name="demo" duration-ms="6069" started-at="2019-06-15T05:02:11Z" finished-at="2019-06-15T05:02:17Z">
      <class name="Buoi14.DataProviderScripts">
        <test-method status="PASS" signature="Login(java.lang.String, java.lang.String, java.lang.String)[pri:0, instance:Buoi14.DataProviderScripts@490d6c15]" name="Login" duration-ms="3012" started-at="2019-06-15T05:02:11Z" data-provider="name1" finished-at="2019-06-15T05:02:14Z">
          <params>
            <param index="0">
              <value>
                <![CDATA[data two]]>
              </value>
            </param>
            <param index="1">
              <value>
                <![CDATA[Nhut]]>
              </value>
            </param>
            <param index="2">
              <value>
                <![CDATA[123456]]>
              </value>
            </param>
          </params>
          <reporter-output>
          </reporter-output>
        </test-method> <!-- Login -->
        <test-method status="PASS" signature="Login(java.lang.String, java.lang.String, java.lang.String)[pri:0, instance:Buoi14.DataProviderScripts@490d6c15]" name="Login" duration-ms="3012" started-at="2019-06-15T05:02:11Z" data-provider="name1" finished-at="2019-06-15T05:02:14Z">
          <params>
            <param index="0">
              <value>
                <![CDATA[data three]]>
              </value>
            </param>
            <param index="1">
              <value>
                <![CDATA[Tuyen]]>
              </value>
            </param>
            <param index="2">
              <value>
                <![CDATA[123456]]>
              </value>
            </param>
          </params>
          <reporter-output>
          </reporter-output>
        </test-method> <!-- Login -->
        <test-method status="PASS" signature="Login(java.lang.String, java.lang.String, java.lang.String)[pri:0, instance:Buoi14.DataProviderScripts@490d6c15]" name="Login" duration-ms="3012" started-at="2019-06-15T05:02:11Z" data-provider="name1" finished-at="2019-06-15T05:02:14Z">
          <params>
            <param index="0">
              <value>
                <![CDATA[data one]]>
              </value>
            </param>
            <param index="1">
              <value>
                <![CDATA[Trinh]]>
              </value>
            </param>
            <param index="2">
              <value>
                <![CDATA[123456]]>
              </value>
            </param>
          </params>
          <reporter-output>
          </reporter-output>
        </test-method> <!-- Login -->
        <test-method status="PASS" signature="about()[pri:0, instance:Buoi14.DataProviderScripts@490d6c15]" name="about" duration-ms="3012" started-at="2019-06-15T05:02:11Z" finished-at="2019-06-15T05:02:14Z">
          <reporter-output>
          </reporter-output>
        </test-method> <!-- about -->
        <test-method status="PASS" signature="register()[pri:0, instance:Buoi14.DataProviderScripts@490d6c15]" name="register" duration-ms="3005" started-at="2019-06-15T05:02:14Z" finished-at="2019-06-15T05:02:17Z">
          <reporter-output>
          </reporter-output>
        </test-method> <!-- register -->
      </class> <!-- Buoi14.DataProviderScripts -->
    </test> <!-- demo -->
  </suite> <!-- testsuite1 -->
</testng-results>
