<?xml version="1.0" encoding="UTF-8"?>
<!-- Generated by org.testng.reporters.JUnitXMLReporter -->
<testsuite hostname="Kolabss-MacBook-Pro-2.local" ignored="0" name="demo" tests="5" failures="0" timestamp="15 Jun 2019 05:02:22 GMT" time="6.069" errors="0">
  <testcase name="about" time="3.012" classname="Buoi14.DataProviderScripts"/>
  <testcase name="Login" time="3.012" classname="Buoi14.DataProviderScripts"/>
  <testcase name="Login" time="3.012" classname="Buoi14.DataProviderScripts"/>
  <testcase name="Login" time="3.012" classname="Buoi14.DataProviderScripts"/>
  <testcase name="register" time="3.005" classname="Buoi14.DataProviderScripts"/>
</testsuite> <!-- demo -->
